testdir/program.sh
testdir/afile01.txt
testdir/afile02.txt
testdir/afile03.txt
testdir/afile04.txt
testdir/afile005.txt
testdir/info1.inf
testdir/info2.inf
testdir/info3.inf
testdir/data1.dat
testdir/data2.dat
testdir/data3.dat
testdir/dir1/
testdir/dir1/file1
testdir/dir2/file1.txt
testdir/dir2/file2.txt
testdir/dir2/file3.txt
testdir/dir2/file4.txt
testdir/dir2/file5.txt
testdir/dir2/subdir2/students.lst
testdir/dir2/subdir2/records.dat
testdir/dir3/
testdir/dir3/info1.inf
testdir/dir3/info2.inf
testdir/dir3/info3.inf
testdir/dir3/info5.inf
testdir/dir3/info4.inf
